timestamp col1 col2 col3 col4 col5 col6 col7 col8 col9 col10 col11 col12 col13 col14 col15
"2025-10-04 11:38:13.328456" 605 ERROR 41.03 US 91 Yes ServiceC 4872 Inactive 214.3 0 High 365 UDP Success
"2025-10-04 11:39:13.328456" 564 WARN 60.02 US 752 No ServiceC 4741 Inactive 309.3 1 Low 229 UDP Failure
"2025-10-04 11:40:13.328456" 807 WARN 76.11 EU 221 Yes ServiceB 3144 Active 157.2 0 Medium 596 UDP Failure
"2025-10-04 11:41:13.328456" 400 ERROR 28.03 EU 462 Yes ServiceB 2371 Inactive 308.2 1 High 473 TCP Success
"2025-10-04 11:42:13.328456" 853 ERROR 70.42 US 404 Yes ServiceB 1315 Active 445.9 0 Low 648 UDP Success
"2025-10-04 11:43:13.328456" 603 ERROR 21.36 EU 585 Yes ServiceB 2146 Active 213.8 0 Medium 279 TCP Success
"2025-10-04 11:44:13.328456" 788 ERROR 80.87 US 166 No ServiceC 1525 Inactive 150.1 0 Low 537 TCP Success
"2025-10-04 11:45:13.328456" 761 ERROR 64.04 US 232 Yes ServiceA 1114 Active 280.0 1 Medium 454 UDP Failure
"2025-10-04 11:46:13.328456" 379 ERROR 62.32 EU 826 No ServiceA 4345 Inactive 146.5 0 Low 752 TCP Failure
"2025-10-04 11:47:13.328456" 680 WARN 10.99 APAC 649 Yes ServiceC 2146 Active 370.7 1 Low 291 UDP Success
"2025-10-04 11:48:13.328456" 119 ERROR 24.26 US 189 No ServiceA 2785 Active 424.1 0 High 375 UDP Failure
"2025-10-04 11:49:13.328456" 968 INFO 14.59 APAC 160 Yes ServiceB 1402 Active 249.2 1 Medium 786 TCP Success
"2025-10-04 11:50:13.328456" 153 WARN 66.37 US 570 No ServiceC 2687 Active 318.6 1 Medium 286 TCP Failure
"2025-10-04 11:51:13.328456" 987 ERROR 6.37 US 753 Yes ServiceB 2263 Inactive 195.2 1 Low 450 UDP Success
"2025-10-04 11:52:13.328456" 386 INFO 42.14 EU 809 No ServiceA 3720 Inactive 280.1 1 Low 634 TCP Failure
"2025-10-04 11:53:13.328456" 236 WARN 0.35 EU 771 Yes ServiceA 2249 Inactive 264.3 0 High 295 UDP Success
"2025-10-04 11:54:13.328456" 915 INFO 28.66 EU 825 Yes ServiceA 4652 Active 161.8 0 High 311 UDP Failure
"2025-10-04 11:55:13.328456" 311 WARN 71.92 EU 949 Yes ServiceC 4354 Inactive 23.2 0 Medium 455 TCP Success
"2025-10-04 11:56:13.328456" 190 INFO 58.57 US 857 Yes ServiceA 4626 Inactive 446.0 0 High 470 UDP Success
"2025-10-04 11:57:13.328456" 998 INFO 32.05 EU 404 Yes ServiceC 3265 Active 279.9 0 Low 669 UDP Failure
"2025-10-04 11:58:13.328456" 243 INFO 67.28 APAC 433 No ServiceB 2924 Inactive 353.8 0 Medium 675 TCP Failure
"2025-10-04 11:59:13.328456" 957 INFO 59.36 US 515 No ServiceB 2617 Active 288.8 1 High 379 TCP Failure
"2025-10-04 12:00:13.328456" 655 WARN 69.86 EU 363 No ServiceC 1787 Active 241.0 1 Low 732 UDP Success
"2025-10-04 12:01:13.328456" 587 ERROR 0.05 APAC 68 Yes ServiceA 2580 Active 142.3 1 Medium 832 TCP Success
"2025-10-04 12:02:13.328456" 308 WARN 33.27 EU 733 No ServiceC 3266 Inactive 288.4 0 Medium 654 TCP Failure
"2025-10-04 12:03:13.328456" 209 WARN 94.82 US 15 No ServiceB 2106 Active 279.4 0 Low 831 UDP Success
"2025-10-04 12:04:13.328456" 544 ERROR 94.25 APAC 521 Yes ServiceA 3358 Inactive 259.2 1 Medium 237 TCP Failure
"2025-10-04 12:05:13.328456" 833 ERROR 49.47 US 276 Yes ServiceB 3454 Inactive 414.9 0 Medium 644 TCP Failure
"2025-10-04 12:06:13.328456" 699 ERROR 77.86 APAC 612 Yes ServiceB 1206 Inactive 54.5 0 High 802 TCP Failure
"2025-10-04 12:07:13.328456" 527 INFO 23.97 EU 497 No ServiceC 4760 Inactive 315.3 0 Medium 686 UDP Failure
"2025-10-04 12:08:13.328456" 754 ERROR 35.93 US 522 No ServiceA 1584 Active 21.2 1 High 408 UDP Failure
"2025-10-04 12:09:13.328456" 480 INFO 65.85 US 87 Yes ServiceC 3916 Active 10.8 1 Medium 892 UDP Failure
"2025-10-04 12:10:13.328456" 742 WARN 77.46 APAC 736 Yes ServiceA 1119 Active 470.1 0 High 661 UDP Failure
"2025-10-04 12:11:13.328456" 257 ERROR 59.45 US 418 No ServiceB 2249 Active 209.3 1 High 534 UDP Success
"2025-10-04 12:12:13.328456" 408 WARN 54.98 EU 503 Yes ServiceB 3616 Active 312.0 1 High 543 TCP Failure
"2025-10-04 12:13:13.328456" 517 WARN 6.19 APAC 301 No ServiceC 3432 Active 106.1 1 Medium 859 TCP Success
"2025-10-04 12:14:13.328456" 742 INFO 82.48 EU 324 Yes ServiceC 1152 Active 270.7 1 High 566 UDP Failure
"2025-10-04 12:15:13.328456" 381 ERROR 73.41 US 455 Yes ServiceC 4507 Inactive 67.8 1 High 423 TCP Success
"2025-10-04 12:16:13.328456" 941 ERROR 7.69 EU 164 Yes ServiceA 3833 Inactive 305.2 0 Medium 646 UDP Success
"2025-10-04 12:17:13.328456" 338 WARN 15.61 EU 937 No ServiceA 3905 Active 225.2 1 Low 812 UDP Failure
"2025-10-04 12:18:13.328456" 266 WARN 72.15 US 764 No ServiceC 4088 Active 340.7 0 Medium 831 TCP Success
"2025-10-04 12:19:13.328456" 579 ERROR 1.09 US 584 No ServiceC 3635 Inactive 165.2 0 Medium 503 TCP Success
"2025-10-04 12:20:13.328456" 681 INFO 22.77 APAC 546 Yes ServiceC 1611 Inactive 201.9 1 Low 443 TCP Failure
"2025-10-04 12:21:13.328456" 480 INFO 65.68 US 314 No ServiceA 3662 Inactive 258.0 0 Low 705 UDP Failure
"2025-10-04 12:22:13.328456" 811 INFO 83.43 US 140 Yes ServiceA 2339 Active 361.7 1 Low 690 UDP Success
"2025-10-04 12:23:13.328456" 764 WARN 12.44 US 305 Yes ServiceB 3971 Active 481.7 1 Medium 427 TCP Failure
"2025-10-04 12:24:13.328456" 124 ERROR 31.87 EU 618 Yes ServiceB 3404 Inactive 243.6 0 Medium 414 UDP Failure
"2025-10-04 12:25:13.328456" 342 ERROR 67.16 EU 827 Yes ServiceC 2510 Inactive 265.5 1 Low 817 TCP Failure
"2025-10-04 12:26:13.328456" 793 INFO 33.83 APAC 4 No ServiceC 2378 Inactive 498.1 1 Low 282 TCP Success
"2025-10-04 12:27:13.328456" 608 INFO 2.82 US 705 Yes ServiceB 1446 Active 390.3 1 High 261 UDP Failure
"2025-10-04 12:28:13.328456" 409 ERROR 17.09 US 461 Yes ServiceC 2800 Active 136.3 1 Medium 221 UDP Success
"2025-10-04 12:29:13.328456" 821 ERROR 46.52 APAC 791 No ServiceC 4368 Active 360.8 0 Medium 370 TCP Success
"2025-10-04 12:30:13.328456" 616 INFO 78.02 EU 693 No ServiceC 4357 Active 191.8 0 Low 370 TCP Success
"2025-10-04 12:31:13.328456" 708 WARN 39.71 US 3 No ServiceB 2094 Active 284.4 1 Low 799 UDP Success
"2025-10-04 12:32:13.328456" 665 WARN 69.57 APAC 334 Yes ServiceC 2340 Inactive 409.2 1 Medium 677 TCP Success
"2025-10-04 12:33:13.328456" 650 INFO 68.86 APAC 95 Yes ServiceB 2459 Active 237.7 0 Medium 569 TCP Success
"2025-10-04 12:34:13.328456" 813 ERROR 16.7 EU 964 No ServiceA 4934 Active 204.9 0 Medium 681 TCP Success
"2025-10-04 12:35:13.328456" 557 INFO 87.18 US 97 Yes ServiceA 2313 Inactive 473.4 0 Low 212 TCP Failure
"2025-10-04 12:36:13.328456" 982 WARN 80.53 EU 457 No ServiceC 4617 Active 301.2 0 Medium 576 UDP Success
"2025-10-04 12:37:13.328456" 326 ERROR 36.68 APAC 137 No ServiceB 4998 Active 482.6 1 Low 679 TCP Success
"2025-10-04 12:38:13.328456" 264 INFO 38.26 APAC 732 Yes ServiceB 1435 Inactive 402.4 0 Low 787 TCP Success
"2025-10-04 12:39:13.328456" 272 WARN 26.46 US 982 Yes ServiceC 3497 Active 407.3 0 Low 460 TCP Failure
"2025-10-04 12:40:13.328456" 131 INFO 93.42 APAC 760 Yes ServiceA 3638 Active 316.7 1 Low 502 TCP Failure
"2025-10-04 12:41:13.328456" 187 ERROR 61.19 APAC 526 No ServiceA 1633 Active 276.0 1 Medium 790 TCP Failure
"2025-10-04 12:42:13.328456" 436 WARN 75.35 US 352 Yes ServiceC 4824 Inactive 462.6 0 Low 754 UDP Success
"2025-10-04 12:43:13.328456" 401 WARN 59.4 EU 32 Yes ServiceA 1069 Active 250.8 1 Medium 254 UDP Success
"2025-10-04 12:44:13.328456" 366 ERROR 11.16 US 511 Yes ServiceB 3263 Inactive 254.3 0 Low 707 UDP Success
"2025-10-04 12:45:13.328456" 401 INFO 36.04 US 434 No ServiceB 2903 Inactive 367.9 0 Medium 493 UDP Success
"2025-10-04 12:46:13.328456" 278 WARN 94.26 APAC 400 Yes ServiceB 2358 Inactive 13.3 0 Medium 678 UDP Failure
"2025-10-04 12:47:13.328456" 264 WARN 83.72 APAC 895 Yes ServiceA 4787 Inactive 131.5 0 Medium 623 TCP Failure
"2025-10-04 12:48:13.328456" 443 ERROR 81.2 US 810 Yes ServiceA 1269 Active 14.6 1 High 690 TCP Success
"2025-10-04 12:49:13.328456" 666 WARN 85.57 US 419 Yes ServiceA 4621 Inactive 183.6 1 Medium 804 UDP Success
"2025-10-04 12:50:13.328456" 319 INFO 52.18 US 954 Yes ServiceA 4723 Active 38.6 1 Low 270 UDP Failure
"2025-10-04 12:51:13.328456" 901 ERROR 21.12 EU 943 No ServiceB 2082 Active 411.2 1 Low 718 TCP Success
"2025-10-04 12:52:13.328456" 484 INFO 74.07 APAC 434 Yes ServiceC 4321 Inactive 286.1 1 Medium 204 UDP Failure
"2025-10-04 12:53:13.328456" 330 WARN 55.37 EU 315 Yes ServiceA 1411 Active 413.0 1 Low 554 TCP Success
"2025-10-04 12:54:13.328456" 628 WARN 2.55 US 573 No ServiceB 1976 Inactive 484.5 1 Low 226 TCP Success
"2025-10-04 12:55:13.328456" 224 INFO 84.37 APAC 568 No ServiceC 3268 Active 499.8 1 High 297 TCP Success
"2025-10-04 12:56:13.328456" 837 ERROR 35.38 EU 99 Yes ServiceB 4844 Active 259.9 0 Low 495 TCP Success
"2025-10-04 12:57:13.328456" 619 ERROR 49.53 APAC 629 No ServiceB 3429 Active 292.2 0 Low 388 UDP Success
"2025-10-04 12:58:13.328456" 235 INFO 57.69 EU 274 No ServiceA 2198 Inactive 191.1 1 High 613 UDP Failure
"2025-10-04 12:59:13.328456" 475 ERROR 25.34 EU 907 No ServiceC 1767 Inactive 200.4 0 Medium 735 UDP Failure
"2025-10-04 13:00:13.328456" 206 INFO 74.99 EU 840 Yes ServiceB 4389 Inactive 248.8 0 High 299 UDP Success
"2025-10-04 13:01:13.328456" 246 INFO 47.19 US 721 No ServiceB 1012 Inactive 242.1 1 High 569 TCP Success
"2025-10-04 13:02:13.328456" 147 ERROR 73.27 APAC 594 No ServiceB 2013 Inactive 125.8 0 Low 889 UDP Success
"2025-10-04 13:03:13.328456" 424 INFO 9.89 APAC 177 No ServiceA 3513 Active 120.6 0 Medium 259 TCP Success
"2025-10-04 13:04:13.328456" 921 INFO 71.53 US 266 Yes ServiceC 3565 Active 468.4 1 Low 572 UDP Failure
"2025-10-04 13:05:13.328456" 552 WARN 14.06 EU 357 Yes ServiceC 3900 Active 279.6 0 Low 546 UDP Failure
"2025-10-04 13:06:13.328456" 427 ERROR 96.05 APAC 821 Yes ServiceA 4079 Inactive 143.4 0 Medium 287 UDP Success
"2025-10-04 13:07:13.328456" 788 INFO 7.45 EU 538 No ServiceB 1332 Active 186.8 1 Low 479 UDP Failure
"2025-10-04 13:08:13.328456" 239 ERROR 72.97 US 393 No ServiceC 3104 Active 18.8 0 High 883 TCP Failure
"2025-10-04 13:09:13.328456" 413 WARN 91.86 EU 341 Yes ServiceB 4272 Inactive 326.3 1 High 559 TCP Success
"2025-10-04 13:10:13.328456" 822 WARN 78.2 US 675 No ServiceA 2961 Active 20.6 0 Medium 250 TCP Failure
"2025-10-04 13:11:13.328456" 271 WARN 88.0 APAC 930 Yes ServiceB 2664 Inactive 198.0 0 Medium 241 UDP Success
"2025-10-04 13:12:13.328456" 984 INFO 74.44 US 150 Yes ServiceC 4643 Active 267.5 0 Low 603 UDP Failure
"2025-10-04 13:13:13.328456" 123 WARN 69.11 APAC 219 Yes ServiceC 1718 Active 24.8 0 High 450 TCP Success
"2025-10-04 13:14:13.328456" 341 INFO 44.74 US 989 No ServiceA 4567 Inactive 391.6 1 Medium 701 UDP Success
"2025-10-04 13:15:13.328456" 700 WARN 32.65 US 243 No ServiceA 3878 Inactive 374.8 1 High 883 UDP Failure
"2025-10-04 13:16:13.328456" 182 ERROR 92.08 APAC 808 Yes ServiceA 3888 Inactive 25.9 1 Medium 607 UDP Failure
"2025-10-04 13:17:13.328456" 922 ERROR 32.18 APAC 529 No ServiceB 3734 Active 108.6 0 High 677 UDP Failure
"2025-10-04 13:18:13.328456" 309 WARN 99.72 EU 830 Yes ServiceB 1317 Active 388.6 1 Medium 393 UDP Failure
"2025-10-04 13:19:13.328456" 780 INFO 24.48 APAC 765 Yes ServiceA 3448 Inactive 28.8 1 High 735 UDP Failure
"2025-10-04 13:20:13.328456" 315 ERROR 88.43 EU 238 Yes ServiceA 3612 Inactive 308.7 0 High 426 UDP Failure
"2025-10-04 13:21:13.328456" 525 ERROR 24.8 EU 86 Yes ServiceA 4986 Inactive 141.6 1 High 715 UDP Failure
"2025-10-04 13:22:13.328456" 794 WARN 39.27 US 840 Yes ServiceB 1977 Active 422.9 1 Low 459 TCP Failure
"2025-10-04 13:23:13.328456" 498 INFO 59.31 EU 931 No ServiceB 1550 Active 36.8 1 Medium 282 UDP Success
"2025-10-04 13:24:13.328456" 272 WARN 76.94 US 941 Yes ServiceC 2385 Inactive 285.1 0 High 291 UDP Success
"2025-10-04 13:25:13.328456" 979 INFO 87.98 US 1 Yes ServiceA 3242 Active 225.1 1 High 372 TCP Failure
"2025-10-04 13:26:13.328456" 325 INFO 15.14 APAC 48 Yes ServiceB 2198 Active 241.4 0 Medium 672 TCP Success
"2025-10-04 13:27:13.328456" 871 ERROR 45.04 APAC 530 No ServiceC 3508 Inactive 400.7 1 Low 646 UDP Success
"2025-10-04 13:28:13.328456" 129 ERROR 32.71 APAC 497 Yes ServiceB 4599 Inactive 261.7 1 High 266 TCP Success
"2025-10-04 13:29:13.328456" 770 WARN 19.73 APAC 577 No ServiceB 1408 Active 476.3 0 Medium 437 UDP Failure
"2025-10-04 13:30:13.328456" 879 INFO 97.52 US 609 Yes ServiceC 3022 Inactive 13.8 0 Low 600 UDP Success
"2025-10-04 13:31:13.328456" 886 INFO 7.9 US 812 No ServiceA 3456 Active 341.8 0 Low 737 UDP Failure
"2025-10-04 13:32:13.328456" 495 ERROR 34.21 APAC 353 No ServiceA 2239 Active 426.0 0 Medium 880 TCP Success
"2025-10-04 13:33:13.328456" 801 INFO 3.46 EU 15 No ServiceA 3334 Active 182.4 0 Medium 844 UDP Failure
"2025-10-04 13:34:13.328456" 970 WARN 24.22 EU 139 Yes ServiceA 2328 Inactive 352.4 1 Medium 725 UDP Failure
"2025-10-04 13:35:13.328456" 962 WARN 94.77 EU 182 Yes ServiceA 4555 Inactive 96.1 1 Medium 413 UDP Success
"2025-10-04 13:36:13.328456" 669 WARN 13.63 EU 537 No ServiceC 3310 Active 10.2 1 Medium 733 UDP Failure
"2025-10-04 13:37:13.328456" 495 WARN 43.11 APAC 151 No ServiceB 3391 Active 200.5 1 High 465 UDP Success
"2025-10-04 13:38:13.328456" 260 ERROR 42.45 US 229 No ServiceC 4821 Active 377.8 1 Medium 385 TCP Success
"2025-10-04 13:39:13.328456" 756 WARN 93.66 EU 717 Yes ServiceB 1024 Inactive 254.9 0 Low 244 TCP Success
"2025-10-04 13:40:13.328456" 493 ERROR 87.68 US 435 Yes ServiceB 4274 Active 169.1 0 High 232 UDP Failure
"2025-10-04 13:41:13.328456" 795 INFO 60.22 EU 950 Yes ServiceA 4853 Active 19.2 1 Low 605 TCP Failure
"2025-10-04 13:42:13.328456" 552 ERROR 78.85 EU 233 Yes ServiceA 4813 Inactive 316.0 0 Medium 329 TCP Success
"2025-10-04 13:43:13.328456" 955 WARN 80.18 US 994 No ServiceB 2790 Inactive 375.7 1 Low 792 UDP Success
"2025-10-04 13:44:13.328456" 231 WARN 74.59 US 244 Yes ServiceA 3946 Active 113.7 1 Low 352 TCP Failure
"2025-10-04 13:45:13.328456" 993 ERROR 66.66 EU 178 Yes ServiceB 3513 Active 344.7 0 High 810 UDP Success
"2025-10-04 13:46:13.328456" 522 WARN 39.25 EU 780 No ServiceC 1458 Active 283.9 0 High 346 UDP Success
"2025-10-04 13:47:13.328456" 546 WARN 47.32 APAC 466 No ServiceA 4331 Inactive 270.8 1 Low 347 UDP Success
"2025-10-04 13:48:13.328456" 635 INFO 39.06 US 200 No ServiceB 2799 Inactive 279.0 1 High 457 UDP Success
"2025-10-04 13:49:13.328456" 691 ERROR 88.62 EU 278 Yes ServiceB 1865 Inactive 242.5 0 Medium 826 TCP Success
"2025-10-04 13:50:13.328456" 651 WARN 86.17 US 455 Yes ServiceC 4045 Active 333.1 0 High 352 UDP Success
"2025-10-04 13:51:13.328456" 809 WARN 9.86 US 722 Yes ServiceB 1639 Active 258.4 1 Medium 497 TCP Success
"2025-10-04 13:52:13.328456" 960 ERROR 34.66 APAC 602 No ServiceC 4737 Active 491.3 1 Medium 357 TCP Success
"2025-10-04 13:53:13.328456" 804 ERROR 99.76 US 946 No ServiceC 1814 Active 471.3 1 Low 561 UDP Failure
"2025-10-04 13:54:13.328456" 795 WARN 77.65 APAC 850 Yes ServiceA 3888 Active 170.9 0 High 377 UDP Failure
"2025-10-04 13:55:13.328456" 850 WARN 94.05 US 299 Yes ServiceB 2913 Inactive 378.7 1 High 288 TCP Success
"2025-10-04 13:56:13.328456" 633 ERROR 99.86 US 819 No ServiceB 2705 Inactive 374.1 0 Medium 465 UDP Failure
"2025-10-04 13:57:13.328456" 206 WARN 37.82 EU 825 No ServiceB 2015 Inactive 262.2 0 High 525 UDP Success
"2025-10-04 13:58:13.328456" 139 INFO 55.25 US 189 Yes ServiceC 2527 Active 301.6 0 Medium 496 TCP Failure
"2025-10-04 13:59:13.328456" 262 ERROR 43.31 EU 65 Yes ServiceC 1846 Inactive 168.7 0 Low 400 UDP Success
"2025-10-04 14:00:13.328456" 556 INFO 39.79 APAC 37 Yes ServiceC 4263 Active 420.6 1 Medium 824 TCP Failure
"2025-10-04 14:01:13.328456" 283 INFO 18.48 APAC 735 Yes ServiceC 4516 Inactive 198.4 0 Medium 378 TCP Success
"2025-10-04 14:02:13.328456" 828 INFO 89.5 APAC 136 Yes ServiceB 2099 Active 171.1 0 High 217 TCP Success
"2025-10-04 14:03:13.328456" 805 WARN 6.65 APAC 589 No ServiceB 3440 Active 460.4 0 High 307 TCP Failure
"2025-10-04 14:04:13.328456" 688 INFO 64.51 EU 570 No ServiceB 2291 Active 142.2 0 Medium 881 TCP Failure
"2025-10-04 14:05:13.328456" 907 ERROR 68.65 APAC 297 No ServiceC 4933 Inactive 363.3 1 High 589 TCP Failure
"2025-10-04 14:06:13.328456" 450 WARN 60.95 US 304 No ServiceB 1855 Active 289.4 0 Low 830 TCP Failure
"2025-10-04 14:07:13.328456" 966 WARN 20.81 EU 31 No ServiceA 4656 Active 329.9 1 Medium 528 UDP Failure
"2025-10-04 14:08:13.328456" 911 INFO 31.7 EU 196 Yes ServiceA 2402 Inactive 497.0 0 High 595 UDP Success
"2025-10-04 14:09:13.328456" 232 WARN 38.07 US 244 No ServiceA 4197 Active 238.5 0 High 791 UDP Failure
"2025-10-04 14:10:13.328456" 605 ERROR 67.07 APAC 256 Yes ServiceC 3838 Active 49.5 0 Low 666 TCP Failure
"2025-10-04 14:11:13.328456" 860 ERROR 26.52 APAC 896 No ServiceB 2986 Inactive 195.8 0 High 459 TCP Failure
"2025-10-04 14:12:13.328456" 967 WARN 1.96 APAC 289 No ServiceC 2660 Inactive 16.6 1 High 511 TCP Failure
"2025-10-04 14:13:13.328456" 742 WARN 23.17 US 520 No ServiceC 4620 Active 413.1 1 Medium 417 UDP Failure
"2025-10-04 14:14:13.328456" 112 WARN 37.8 APAC 935 Yes ServiceC 1180 Inactive 157.2 0 High 631 UDP Success
"2025-10-04 14:15:13.328456" 142 WARN 98.54 US 283 Yes ServiceB 2824 Inactive 53.0 0 Medium 436 UDP Failure
"2025-10-04 14:16:13.328456" 939 INFO 48.58 EU 867 Yes ServiceB 1542 Active 418.2 1 Low 210 UDP Success
"2025-10-04 14:17:13.328456" 394 ERROR 54.5 APAC 367 Yes ServiceB 3053 Inactive 395.8 1 High 317 UDP Failure
"2025-10-04 14:18:13.328456" 948 ERROR 49.59 APAC 557 No ServiceC 3385 Inactive 431.4 0 Medium 592 UDP Failure
"2025-10-04 14:19:13.328456" 864 INFO 46.24 US 334 Yes ServiceB 4618 Inactive 28.1 0 High 368 TCP Success
"2025-10-04 14:20:13.328456" 233 INFO 41.63 US 28 Yes ServiceC 2138 Inactive 423.2 0 High 231 UDP Failure
"2025-10-04 14:21:13.328456" 161 WARN 70.26 US 546 No ServiceC 2458 Active 290.3 1 Medium 423 TCP Success
"2025-10-04 14:22:13.328456" 836 WARN 69.5 US 50 Yes ServiceC 1696 Inactive 75.5 0 High 389 UDP Success
"2025-10-04 14:23:13.328456" 996 INFO 24.53 EU 937 No ServiceC 1227 Active 278.2 1 High 414 UDP Failure
"2025-10-04 14:24:13.328456" 551 ERROR 11.95 APAC 282 Yes ServiceB 3148 Active 338.3 1 Medium 785 UDP Failure
"2025-10-04 14:25:13.328456" 963 WARN 69.22 EU 483 Yes ServiceB 4707 Active 124.3 1 Medium 833 UDP Success
"2025-10-04 14:26:13.328456" 881 ERROR 76.4 EU 359 Yes ServiceB 1513 Active 161.0 0 Medium 347 TCP Success
"2025-10-04 14:27:13.328456" 991 WARN 53.82 EU 535 No ServiceA 2551 Inactive 250.4 0 Low 400 TCP Success
"2025-10-04 14:28:13.328456" 699 ERROR 17.52 APAC 929 Yes ServiceB 1717 Inactive 335.2 0 Medium 872 UDP Success
"2025-10-04 14:29:13.328456" 576 INFO 16.87 EU 986 Yes ServiceB 3166 Active 298.0 0 Low 259 UDP Failure
"2025-10-04 14:30:13.328456" 861 ERROR 59.82 EU 52 Yes ServiceA 2500 Active 345.7 1 Low 486 TCP Failure
"2025-10-04 14:31:13.328456" 897 INFO 40.36 APAC 150 Yes ServiceB 3176 Inactive 79.5 1 High 777 UDP Success
"2025-10-04 14:32:13.328456" 464 WARN 54.28 APAC 343 No ServiceA 4170 Active 498.4 0 Low 798 UDP Success
"2025-10-04 14:33:13.328456" 503 ERROR 38.74 APAC 441 No ServiceA 4801 Inactive 340.2 0 Medium 773 UDP Failure
"2025-10-04 14:34:13.328456" 685 ERROR 26.15 APAC 180 No ServiceB 2872 Inactive 366.0 1 High 644 TCP Failure
"2025-10-04 14:35:13.328456" 611 WARN 71.48 APAC 376 Yes ServiceC 1546 Active 499.8 0 Medium 896 TCP Success
"2025-10-04 14:36:13.328456" 459 ERROR 27.36 EU 171 Yes ServiceC 1236 Active 272.3 1 Low 877 UDP Failure
"2025-10-04 14:37:13.328456" 362 INFO 43.6 EU 738 Yes ServiceB 2729 Inactive 232.8 0 Medium 220 TCP Success
"2025-10-04 14:38:13.328456" 866 WARN 70.53 US 928 Yes ServiceC 2291 Active 284.1 1 Low 589 UDP Failure
"2025-10-04 14:39:13.328456" 644 INFO 78.06 APAC 120 Yes ServiceA 4709 Active 450.4 1 Low 711 TCP Failure
"2025-10-04 14:40:13.328456" 896 INFO 20.35 APAC 991 No ServiceC 2266 Inactive 252.1 0 High 258 UDP Success
"2025-10-04 14:41:13.328456" 924 ERROR 79.71 APAC 509 No ServiceC 4468 Active 127.6 0 High 651 UDP Failure
"2025-10-04 14:42:13.328456" 201 WARN 67.03 EU 272 Yes ServiceB 1386 Active 338.7 1 High 429 UDP Failure
"2025-10-04 14:43:13.328456" 194 INFO 62.91 APAC 104 No ServiceC 4386 Active 125.9 0 Medium 634 TCP Success
"2025-10-04 14:44:13.328456" 887 WARN 77.01 US 135 No ServiceA 1847 Inactive 113.2 1 Low 550 TCP Success
"2025-10-04 14:45:13.328456" 540 WARN 66.54 US 697 Yes ServiceB 4884 Inactive 164.2 0 High 850 TCP Failure
"2025-10-04 14:46:13.328456" 836 INFO 9.26 APAC 234 Yes ServiceB 4697 Active 181.4 0 Medium 571 UDP Failure
"2025-10-04 14:47:13.328456" 200 INFO 22.64 APAC 553 No ServiceB 3477 Inactive 43.2 0 Medium 618 TCP Success
"2025-10-04 14:48:13.328456" 427 ERROR 8.4 US 262 No ServiceA 1568 Active 97.5 1 Medium 414 TCP Success
"2025-10-04 14:49:13.328456" 231 WARN 3.08 APAC 893 No ServiceC 2503 Active 484.9 1 Medium 748 TCP Failure
"2025-10-04 14:50:13.328456" 519 INFO 11.89 APAC 545 No ServiceA 4300 Active 69.2 1 Medium 468 TCP Failure
"2025-10-04 14:51:13.328456" 422 INFO 38.66 APAC 306 Yes ServiceB 1151 Inactive 165.5 1 Low 870 TCP Failure
"2025-10-04 14:52:13.328456" 108 ERROR 30.52 APAC 623 Yes ServiceA 1520 Inactive 219.6 1 High 656 UDP Failure
"2025-10-04 14:53:13.328456" 645 WARN 34.0 US 692 No ServiceB 1400 Active 106.0 1 Medium 581 TCP Success
"2025-10-04 14:54:13.328456" 332 INFO 23.6 US 375 No ServiceA 2702 Active 286.1 1 High 457 UDP Success
"2025-10-04 14:55:13.328456" 893 ERROR 0.11 APAC 699 Yes ServiceA 3062 Active 327.6 1 High 516 UDP Success
"2025-10-04 14:56:13.328456" 348 INFO 5.53 EU 242 No ServiceC 1748 Inactive 435.4 0 High 575 UDP Success
"2025-10-04 14:57:13.328456" 784 INFO 72.74 EU 719 No ServiceC 4587 Inactive 175.3 0 Low 757 TCP Failure
"2025-10-04 14:58:13.328456" 961 INFO 5.4 EU 836 Yes ServiceA 2596 Active 102.9 1 High 486 UDP Success
"2025-10-04 14:59:13.328456" 650 ERROR 11.67 US 331 No ServiceA 4131 Inactive 408.6 0 Medium 245 TCP Success
"2025-10-04 15:00:13.328456" 460 WARN 20.65 US 683 Yes ServiceB 3373 Inactive 496.8 1 Low 278 TCP Failure
"2025-10-04 15:01:13.328456" 992 ERROR 58.47 US 943 Yes ServiceC 4159 Active 462.7 1 High 801 TCP Success
"2025-10-04 15:02:13.328456" 640 INFO 78.93 US 873 No ServiceC 4470 Inactive 79.6 0 High 301 TCP Success
"2025-10-04 15:03:13.328456" 743 WARN 66.13 APAC 647 Yes ServiceB 1212 Active 317.4 1 Low 236 TCP Success
"2025-10-04 15:04:13.328456" 994 INFO 17.66 EU 281 No ServiceA 1017 Active 300.8 1 Low 773 TCP Success
"2025-10-04 15:05:13.328456" 241 INFO 71.74 EU 191 Yes ServiceA 4755 Active 419.0 1 Medium 673 UDP Failure
"2025-10-04 15:06:13.328456" 553 WARN 34.77 EU 956 No ServiceC 3335 Inactive 38.5 1 Medium 437 TCP Success
"2025-10-04 15:07:13.328456" 913 INFO 6.68 EU 374 No ServiceB 3880 Active 483.1 1 Medium 882 UDP Success
"2025-10-04 15:08:13.328456" 817 WARN 62.18 EU 589 Yes ServiceC 3091 Active 263.2 0 Medium 433 UDP Failure
"2025-10-04 15:09:13.328456" 528 WARN 2.69 US 126 Yes ServiceA 2915 Inactive 425.2 1 Medium 429 TCP Failure
"2025-10-04 15:10:13.328456" 199 WARN 46.35 EU 77 No ServiceC 1626 Inactive 21.3 1 High 384 UDP Success
"2025-10-04 15:11:13.328456" 868 ERROR 50.96 US 497 Yes ServiceB 2513 Inactive 379.7 0 Medium 549 TCP Failure
"2025-10-04 15:12:13.328456" 225 ERROR 19.03 EU 625 Yes ServiceA 1398 Inactive 204.5 0 Medium 672 UDP Failure
"2025-10-04 15:13:13.328456" 459 INFO 28.26 APAC 164 Yes ServiceC 1052 Inactive 446.2 0 Medium 559 UDP Success
"2025-10-04 15:14:13.328456" 245 WARN 45.26 EU 40 Yes ServiceA 3998 Active 416.3 0 Medium 860 TCP Failure
"2025-10-04 15:15:13.328456" 643 INFO 30.88 EU 96 No ServiceA 2351 Active 314.5 0 Medium 367 UDP Failure
"2025-10-04 15:16:13.328456" 707 INFO 92.74 US 417 No ServiceA 4048 Inactive 440.8 1 Low 765 UDP Success
"2025-10-04 15:17:13.328456" 177 ERROR 91.32 APAC 177 Yes ServiceC 3543 Active 448.7 1 High 847 UDP Failure
"2025-10-04 15:18:13.328456" 554 ERROR 76.31 EU 410 Yes ServiceC 3783 Inactive 151.1 0 High 331 UDP Failure
"2025-10-04 15:19:13.328456" 880 WARN 94.73 EU 522 No ServiceB 2248 Active 442.0 0 Low 557 UDP Success
"2025-10-04 15:20:13.328456" 730 ERROR 26.97 APAC 980 No ServiceB 4391 Inactive 413.3 0 Medium 869 TCP Success
"2025-10-04 15:21:13.328456" 556 ERROR 89.83 APAC 653 No ServiceC 1098 Inactive 279.7 1 High 246 UDP Success
"2025-10-04 15:22:13.328456" 414 WARN 88.51 APAC 893 Yes ServiceA 3105 Inactive 190.8 0 High 561 TCP Failure
"2025-10-04 15:23:13.328456" 255 INFO 62.42 APAC 858 Yes ServiceB 4887 Active 469.7 1 Low 871 UDP Failure
"2025-10-04 15:24:13.328456" 613 WARN 78.85 EU 505 No ServiceA 3456 Inactive 254.2 1 Low 643 UDP Failure
"2025-10-04 15:25:13.328456" 437 WARN 17.35 APAC 285 No ServiceA 1807 Inactive 229.7 1 Medium 535 UDP Failure
"2025-10-04 15:26:13.328456" 579 INFO 12.13 APAC 526 No ServiceA 1691 Active 208.7 1 Medium 435 UDP Success
"2025-10-04 15:27:13.328456" 511 ERROR 42.6 EU 749 Yes ServiceB 3786 Active 327.7 1 High 603 TCP Success
"2025-10-04 15:28:13.328456" 626 ERROR 77.85 US 912 Yes ServiceC 3834 Active 289.3 1 Medium 382 TCP Success
"2025-10-04 15:29:13.328456" 964 WARN 79.52 APAC 55 Yes ServiceC 1740 Inactive 190.4 1 High 524 UDP Success
"2025-10-04 15:30:13.328456" 347 INFO 64.56 APAC 698 Yes ServiceB 3802 Inactive 18.7 1 Medium 391 UDP Failure
"2025-10-04 15:31:13.328456" 670 INFO 86.33 EU 818 No ServiceC 3121 Inactive 166.9 0 Low 583 UDP Success
"2025-10-04 15:32:13.328456" 492 WARN 62.89 EU 50 No ServiceB 2022 Active 51.1 0 Low 682 UDP Success
"2025-10-04 15:33:13.328456" 884 WARN 93.28 US 48 No ServiceA 4535 Active 217.3 0 Medium 654 UDP Failure
"2025-10-04 15:34:13.328456" 740 INFO 56.74 EU 857 No ServiceB 1667 Active 271.0 1 Medium 787 UDP Failure
"2025-10-04 15:35:13.328456" 312 ERROR 41.39 EU 673 No ServiceC 3816 Inactive 482.8 0 High 357 UDP Failure
"2025-10-04 15:36:13.328456" 476 ERROR 13.3 US 826 Yes ServiceC 1099 Inactive 103.9 0 High 325 TCP Failure
"2025-10-04 15:37:13.328456" 127 WARN 85.65 APAC 297 Yes ServiceA 3461 Active 443.1 0 High 329 TCP Failure
"2025-10-04 15:38:13.328456" 517 ERROR 36.61 EU 565 No ServiceC 1385 Active 239.2 1 Medium 625 UDP Failure
"2025-10-04 15:39:13.328456" 566 ERROR 96.84 APAC 384 Yes ServiceC 1268 Inactive 173.8 0 High 673 TCP Failure
"2025-10-04 15:40:13.328456" 815 ERROR 27.7 EU 791 Yes ServiceB 1663 Inactive 193.2 0 Medium 813 UDP Failure
"2025-10-04 15:41:13.328456" 250 WARN 22.68 EU 805 Yes ServiceB 2644 Inactive 221.3 0 High 283 UDP Failure
"2025-10-04 15:42:13.328456" 911 INFO 60.19 US 107 No ServiceC 1778 Active 45.4 0 High 624 TCP Failure
"2025-10-04 15:43:13.328456" 600 ERROR 45.49 US 26 No ServiceB 3801 Active 65.2 1 Medium 307 UDP Success
"2025-10-04 15:44:13.328456" 447 WARN 97.18 APAC 666 Yes ServiceC 4519 Inactive 345.2 1 Medium 634 TCP Failure
"2025-10-04 15:45:13.328456" 288 ERROR 66.56 APAC 476 Yes ServiceB 1243 Active 458.6 1 Medium 880 UDP Success
"2025-10-04 15:46:13.328456" 644 WARN 11.2 EU 999 No ServiceB 2636 Inactive 167.8 0 Medium 364 UDP Failure
"2025-10-04 15:47:13.328456" 362 ERROR 12.11 US 446 Yes ServiceC 3811 Inactive 61.5 0 Medium 715 UDP Failure
"2025-10-04 15:48:13.328456" 512 ERROR 10.43 APAC 780 No ServiceB 2291 Inactive 252.0 0 High 887 UDP Success
"2025-10-04 15:49:13.328456" 557 ERROR 86.34 EU 584 Yes ServiceB 4015 Inactive 473.3 0 Low 514 TCP Failure
"2025-10-04 15:50:13.328456" 378 INFO 95.62 APAC 122 Yes ServiceA 2087 Active 85.5 1 Medium 353 TCP Failure
"2025-10-04 15:51:13.328456" 525 ERROR 71.47 EU 104 Yes ServiceC 3948 Inactive 427.7 1 High 782 UDP Failure
"2025-10-04 15:52:13.328456" 886 ERROR 69.97 APAC 693 Yes ServiceA 2589 Active 308.1 0 Low 507 TCP Failure
"2025-10-04 15:53:13.328456" 128 WARN 49.28 APAC 296 No ServiceC 2709 Inactive 229.7 1 High 679 UDP Failure
"2025-10-04 15:54:13.328456" 263 ERROR 46.29 APAC 554 No ServiceB 3093 Active 269.1 1 High 285 UDP Failure
"2025-10-04 15:55:13.328456" 437 WARN 26.61 EU 547 Yes ServiceA 3351 Inactive 29.1 0 Low 391 UDP Success
"2025-10-04 15:56:13.328456" 984 ERROR 33.7 APAC 186 No ServiceA 2328 Active 277.8 0 Medium 270 UDP Success
"2025-10-04 15:57:13.328456" 742 WARN 37.74 EU 925 Yes ServiceA 3567 Inactive 341.3 1 Medium 858 UDP Failure
"2025-10-04 15:58:13.328456" 810 WARN 6.57 APAC 107 Yes ServiceC 2017 Inactive 115.3 0 Low 445 UDP Failure
"2025-10-04 15:59:13.328456" 457 INFO 9.33 US 783 No ServiceC 2436 Active 284.0 1 Low 297 UDP Success
"2025-10-04 16:00:13.328456" 641 WARN 72.52 APAC 704 Yes ServiceA 2095 Inactive 218.7 1 High 337 UDP Success
"2025-10-04 16:01:13.328456" 806 WARN 19.95 US 432 Yes ServiceC 1027 Active 47.2 1 Medium 855 UDP Failure
"2025-10-04 16:02:13.328456" 162 INFO 93.53 APAC 882 No ServiceC 2026 Active 72.8 0 Medium 214 UDP Failure
"2025-10-04 16:03:13.328456" 688 ERROR 44.81 APAC 364 Yes ServiceC 3676 Inactive 17.5 0 High 881 TCP Failure
"2025-10-04 16:04:13.328456" 286 INFO 45.09 US 310 No ServiceA 3505 Active 236.9 1 High 627 TCP Failure
"2025-10-04 16:05:13.328456" 730 INFO 56.71 EU 868 No ServiceB 4054 Active 284.3 0 Low 346 UDP Failure
"2025-10-04 16:06:13.328456" 813 ERROR 31.69 APAC 148 Yes ServiceC 2217 Active 369.6 0 Low 469 UDP Success
"2025-10-04 16:07:13.328456" 983 WARN 47.02 EU 389 Yes ServiceB 2394 Inactive 244.1 0 Medium 353 TCP Failure
"2025-10-04 16:08:13.328456" 766 ERROR 60.58 APAC 506 No ServiceA 4382 Inactive 286.4 0 Medium 798 UDP Success
"2025-10-04 16:09:13.328456" 596 WARN 63.03 US 463 No ServiceA 4779 Inactive 68.3 0 Medium 563 TCP Failure
"2025-10-04 16:10:13.328456" 199 ERROR 72.72 US 285 Yes ServiceC 3394 Inactive 397.4 0 High 877 TCP Failure
"2025-10-04 16:11:13.328456" 490 WARN 69.24 EU 962 No ServiceC 3450 Active 51.3 0 High 522 TCP Success
"2025-10-04 16:12:13.328456" 769 WARN 76.44 EU 73 Yes ServiceA 1194 Active 20.5 1 Medium 345 TCP Success
"2025-10-04 16:13:13.328456" 465 INFO 16.3 APAC 100 No ServiceC 4341 Active 388.4 0 Low 309 UDP Success
"2025-10-04 16:14:13.328456" 106 ERROR 94.68 US 514 Yes ServiceC 2370 Inactive 489.4 0 Low 276 TCP Success
"2025-10-04 16:15:13.328456" 577 ERROR 99.36 EU 213 No ServiceC 2699 Active 399.5 1 High 773 TCP Success
"2025-10-04 16:16:13.328456" 440 INFO 0.92 EU 22 No ServiceB 3663 Active 374.3 0 Low 535 UDP Success
"2025-10-04 16:17:13.328456" 227 ERROR 72.37 APAC 547 Yes ServiceB 3457 Active 198.0 1 Low 529 TCP Success
"2025-10-04 16:18:13.328456" 706 INFO 99.35 US 757 Yes ServiceC 2763 Active 388.3 0 Medium 278 TCP Success
"2025-10-04 16:19:13.328456" 937 ERROR 88.55 EU 651 Yes ServiceB 3794 Active 291.7 0 High 894 UDP Failure
"2025-10-04 16:20:13.328456" 330 WARN 76.95 US 346 No ServiceB 4875 Active 323.1 0 High 561 UDP Success
"2025-10-04 16:21:13.328456" 898 INFO 94.66 EU 418 Yes ServiceA 4511 Inactive 423.8 1 Medium 415 TCP Success
"2025-10-04 16:22:13.328456" 922 ERROR 41.42 US 64 Yes ServiceA 4831 Inactive 443.8 1 High 261 TCP Success
"2025-10-04 16:23:13.328456" 879 WARN 70.75 APAC 973 No ServiceC 2003 Active 365.7 0 Low 389 UDP Success
"2025-10-04 16:24:13.328456" 871 INFO 3.83 EU 733 No ServiceA 2563 Inactive 232.5 1 Medium 294 TCP Success
"2025-10-04 16:25:13.328456" 558 WARN 56.88 US 73 No ServiceA 2539 Active 202.7 1 Low 559 UDP Failure
"2025-10-04 16:26:13.328456" 417 WARN 16.29 EU 305 No ServiceB 2277 Inactive 242.9 0 Medium 426 TCP Success
"2025-10-04 16:27:13.328456" 309 WARN 95.36 US 526 No ServiceB 2949 Active 259.0 1 Low 264 UDP Success
"2025-10-04 16:28:13.328456" 716 WARN 8.53 US 451 No ServiceC 1537 Active 365.6 0 High 874 UDP Failure
"2025-10-04 16:29:13.328456" 139 INFO 11.18 EU 921 Yes ServiceB 3410 Inactive 460.5 0 Medium 786 UDP Failure
"2025-10-04 16:30:13.328456" 472 ERROR 54.44 APAC 353 No ServiceC 2638 Active 357.1 0 Medium 742 UDP Failure
"2025-10-04 16:31:13.328456" 746 ERROR 70.84 US 943 Yes ServiceA 3152 Inactive 168.5 0 High 213 UDP Success
"2025-10-04 16:32:13.328456" 978 WARN 30.19 APAC 800 No ServiceB 1889 Active 149.0 1 Low 383 TCP Failure
"2025-10-04 16:33:13.328456" 482 WARN 73.32 US 587 No ServiceB 2097 Inactive 48.5 0 Low 516 UDP Success
"2025-10-04 16:34:13.328456" 300 WARN 72.98 US 7 Yes ServiceA 1366 Inactive 147.0 1 Medium 891 TCP Success
"2025-10-04 16:35:13.328456" 600 INFO 1.66 US 999 Yes ServiceA 3006 Inactive 280.5 1 Low 325 UDP Success
"2025-10-04 16:36:13.328456" 944 ERROR 5.22 EU 608 No ServiceC 3178 Active 102.9 1 Low 309 TCP Success
"2025-10-04 16:37:13.328456" 138 INFO 92.7 US 239 Yes ServiceA 4839 Active 190.4 1 Medium 487 UDP Failure
"2025-10-04 16:38:13.328456" 416 INFO 97.34 US 213 No ServiceB 1618 Inactive 400.1 0 Low 323 TCP Failure
"2025-10-04 16:39:13.328456" 461 ERROR 64.48 APAC 729 Yes ServiceB 4694 Active 219.9 1 High 378 TCP Failure
"2025-10-04 16:40:13.328456" 371 INFO 38.8 APAC 493 No ServiceC 2560 Inactive 386.2 1 Medium 360 UDP Failure
"2025-10-04 16:41:13.328456" 556 WARN 73.33 EU 26 No ServiceB 1367 Inactive 166.3 1 Medium 595 TCP Success
"2025-10-04 16:42:13.328456" 325 ERROR 92.12 US 200 No ServiceC 4270 Active 424.2 0 Low 720 TCP Failure
"2025-10-04 16:43:13.328456" 910 INFO 21.35 US 957 Yes ServiceA 4433 Active 109.4 0 High 841 TCP Success
"2025-10-04 16:44:13.328456" 950 INFO 12.97 APAC 853 Yes ServiceB 4373 Active 67.8 0 Medium 346 TCP Failure
"2025-10-04 16:45:13.328456" 165 INFO 73.93 US 100 Yes ServiceA 4849 Active 377.5 0 Low 822 UDP Failure
"2025-10-04 16:46:13.328456" 813 INFO 47.51 US 711 Yes ServiceC 2052 Inactive 233.7 0 High 279 TCP Success
"2025-10-04 16:47:13.328456" 819 ERROR 79.5 APAC 602 No ServiceA 1679 Inactive 495.0 1 High 447 UDP Failure
"2025-10-04 16:48:13.328456" 527 INFO 31.04 US 928 Yes ServiceB 2778 Active 141.9 1 Low 453 TCP Failure
"2025-10-04 16:49:13.328456" 113 INFO 76.94 EU 851 No ServiceA 2909 Inactive 259.8 1 High 619 UDP Success
"2025-10-04 16:50:13.328456" 874 WARN 50.94 APAC 723 No ServiceB 3856 Inactive 274.7 0 Medium 497 UDP Success
"2025-10-04 16:51:13.328456" 866 INFO 68.28 APAC 802 No ServiceB 3140 Inactive 195.5 0 Low 738 UDP Success
"2025-10-04 16:52:13.328456" 536 ERROR 10.29 EU 937 Yes ServiceB 3720 Inactive 202.8 0 Low 884 UDP Success
"2025-10-04 16:53:13.328456" 518 WARN 29.52 US 152 No ServiceA 4299 Inactive 465.9 1 Medium 497 TCP Failure
"2025-10-04 16:54:13.328456" 460 INFO 37.82 EU 686 No ServiceA 2711 Inactive 323.0 0 High 532 TCP Success
"2025-10-04 16:55:13.328456" 546 ERROR 89.24 US 478 No ServiceB 4407 Active 428.8 1 High 719 UDP Failure
"2025-10-04 16:56:13.328456" 876 WARN 88.13 EU 25 Yes ServiceB 4284 Inactive 339.2 0 Medium 448 TCP Success
"2025-10-04 16:57:13.328456" 482 INFO 22.6 APAC 341 Yes ServiceB 4114 Active 330.0 0 Medium 844 UDP Failure
"2025-10-04 16:58:13.328456" 833 INFO 69.89 APAC 918 Yes ServiceA 3899 Inactive 157.4 1 Medium 646 UDP Failure
"2025-10-04 16:59:13.328456" 498 INFO 5.13 EU 355 No ServiceB 2848 Active 182.9 0 Low 288 UDP Success
"2025-10-04 17:00:13.328456" 677 WARN 91.26 APAC 539 No ServiceA 4997 Inactive 319.6 1 High 357 UDP Success
"2025-10-04 17:01:13.328456" 788 WARN 82.18 APAC 49 No ServiceA 4447 Inactive 442.5 1 High 789 UDP Failure
"2025-10-04 17:02:13.328456" 812 INFO 48.2 EU 343 No ServiceC 4649 Inactive 143.8 0 Medium 715 UDP Failure
"2025-10-04 17:03:13.328456" 764 WARN 67.46 US 243 Yes ServiceA 3537 Inactive 323.1 1 Low 505 TCP Failure
"2025-10-04 17:04:13.328456" 686 WARN 43.71 EU 949 No ServiceA 2143 Active 100.5 0 Low 746 TCP Success
"2025-10-04 17:05:13.328456" 541 INFO 11.75 EU 723 No ServiceA 2541 Active 185.8 0 High 531 TCP Success
"2025-10-04 17:06:13.328456" 269 WARN 66.84 US 792 No ServiceC 1013 Active 192.6 0 Low 845 UDP Success
"2025-10-04 17:07:13.328456" 118 INFO 7.85 US 764 Yes ServiceA 1779 Inactive 459.9 0 High 554 UDP Success
"2025-10-04 17:08:13.328456" 313 WARN 8.69 US 409 Yes ServiceC 2547 Inactive 410.8 1 Medium 505 UDP Success
"2025-10-04 17:09:13.328456" 989 INFO 17.46 EU 775 No ServiceB 2452 Active 259.7 0 Low 618 UDP Failure
"2025-10-04 17:10:13.328456" 606 ERROR 87.02 EU 15 Yes ServiceA 2381 Inactive 254.4 0 Low 595 UDP Success
"2025-10-04 17:11:13.328456" 299 ERROR 73.99 EU 615 No ServiceA 2497 Active 464.7 0 High 848 UDP Success
"2025-10-04 17:12:13.328456" 163 INFO 55.39 US 475 Yes ServiceB 1979 Inactive 450.6 0 High 626 UDP Failure
"2025-10-04 17:13:13.328456" 839 WARN 73.03 US 195 Yes ServiceB 4652 Inactive 413.3 1 Medium 709 UDP Failure
"2025-10-04 17:14:13.328456" 405 WARN 59.53 APAC 862 Yes ServiceB 2578 Active 38.9 1 Medium 324 UDP Success
"2025-10-04 17:15:13.328456" 688 INFO 29.7 APAC 388 No ServiceC 2028 Inactive 90.3 1 High 318 UDP Failure
"2025-10-04 17:16:13.328456" 351 ERROR 78.67 APAC 770 No ServiceC 1718 Inactive 247.7 0 High 530 TCP Failure
"2025-10-04 17:17:13.328456" 550 INFO 43.86 EU 164 No ServiceC 2203 Active 432.9 1 Medium 647 UDP Failure
"2025-10-04 17:18:13.328456" 284 INFO 31.48 APAC 751 Yes ServiceB 2015 Active 106.7 0 Medium 603 UDP Success
"2025-10-04 17:19:13.328456" 401 INFO 32.79 US 881 No ServiceA 4256 Active 87.1 0 Medium 301 UDP Success
"2025-10-04 17:20:13.328456" 264 INFO 30.92 EU 484 No ServiceA 4062 Active 190.9 1 Medium 688 TCP Success
"2025-10-04 17:21:13.328456" 375 ERROR 48.16 APAC 25 Yes ServiceB 4819 Inactive 224.1 1 Low 570 TCP Failure
"2025-10-04 17:22:13.328456" 117 ERROR 71.63 US 701 Yes ServiceB 1574 Inactive 92.9 0 Medium 609 UDP Failure
"2025-10-04 17:23:13.328456" 669 ERROR 20.45 APAC 728 Yes ServiceA 2126 Active 468.3 0 Low 438 UDP Failure
"2025-10-04 17:24:13.328456" 173 WARN 90.71 EU 476 Yes ServiceC 2114 Inactive 313.6 0 Medium 253 TCP Failure
"2025-10-04 17:25:13.328456" 216 WARN 52.63 APAC 908 No ServiceA 2048 Inactive 191.9 1 Low 301 TCP Success
"2025-10-04 17:26:13.328456" 988 INFO 10.18 EU 646 No ServiceA 3605 Active 66.3 0 Low 649 UDP Failure
"2025-10-04 17:27:13.328456" 723 WARN 98.81 US 3 Yes ServiceA 1504 Active 120.9 1 Low 638 TCP Success
"2025-10-04 17:28:13.328456" 877 WARN 43.54 EU 97 No ServiceA 2021 Inactive 196.6 0 Medium 838 TCP Failure
"2025-10-04 17:29:13.328456" 746 WARN 70.63 US 884 Yes ServiceB 3939 Inactive 275.5 1 High 221 UDP Success
"2025-10-04 17:30:13.328456" 571 WARN 90.33 EU 819 No ServiceC 3375 Active 11.3 0 High 507 TCP Success
"2025-10-04 17:31:13.328456" 684 INFO 61.64 EU 472 No ServiceA 1110 Inactive 355.6 1 Medium 407 UDP Success
"2025-10-04 17:32:13.328456" 339 INFO 58.46 APAC 940 Yes ServiceC 4087 Inactive 343.4 0 High 847 UDP Failure
"2025-10-04 17:33:13.328456" 763 WARN 5.41 APAC 517 Yes ServiceC 1906 Active 341.3 0 Low 292 TCP Success
"2025-10-04 17:34:13.328456" 885 WARN 6.36 EU 901 No ServiceA 2528 Inactive 276.0 0 High 298 UDP Success
"2025-10-04 17:35:13.328456" 521 WARN 88.77 US 801 No ServiceC 3698 Active 110.1 0 High 534 TCP Success
"2025-10-04 17:36:13.328456" 945 WARN 90.62 APAC 150 Yes ServiceA 3151 Active 438.8 1 High 849 UDP Success
"2025-10-04 17:37:13.328456" 427 INFO 12.6 EU 110 No ServiceC 4878 Inactive 268.3 1 Medium 435 UDP Success
"2025-10-04 17:38:13.328456" 693 ERROR 84.98 APAC 461 Yes ServiceB 3079 Active 446.3 0 Medium 725 UDP Failure
"2025-10-04 17:39:13.328456" 963 INFO 67.56 APAC 110 Yes ServiceA 1729 Active 155.0 0 Low 722 TCP Success
"2025-10-04 17:40:13.328456" 442 ERROR 48.03 US 888 No ServiceA 4686 Active 177.4 0 High 331 UDP Failure
"2025-10-04 17:41:13.328456" 613 INFO 98.55 EU 515 No ServiceC 4973 Inactive 181.7 1 Medium 555 TCP Success
"2025-10-04 17:42:13.328456" 857 INFO 95.63 APAC 454 Yes ServiceA 4803 Active 420.1 1 High 855 UDP Success
"2025-10-04 17:43:13.328456" 417 WARN 9.79 EU 320 Yes ServiceB 4257 Active 186.0 0 Medium 558 TCP Success
"2025-10-04 17:44:13.328456" 978 ERROR 62.68 APAC 625 No ServiceB 3707 Active 399.6 0 High 450 TCP Failure
"2025-10-04 17:45:13.328456" 696 INFO 63.37 APAC 541 No ServiceB 1364 Inactive 179.1 1 Low 864 UDP Success
"2025-10-04 17:46:13.328456" 328 INFO 7.06 EU 199 Yes ServiceC 3581 Inactive 178.0 1 High 294 UDP Failure
"2025-10-04 17:47:13.328456" 428 WARN 80.43 EU 653 No ServiceC 1845 Active 491.3 1 High 533 TCP Failure
"2025-10-04 17:48:13.328456" 102 WARN 64.96 US 27 Yes ServiceB 4989 Inactive 39.1 1 Low 716 UDP Success
"2025-10-04 17:49:13.328456" 708 INFO 25.37 APAC 160 Yes ServiceC 1005 Inactive 34.0 0 Medium 815 UDP Success
"2025-10-04 17:50:13.328456" 950 ERROR 68.19 APAC 29 Yes ServiceB 3667 Inactive 150.2 1 High 829 UDP Success
"2025-10-04 17:51:13.328456" 620 WARN 44.05 APAC 898 Yes ServiceA 4579 Active 454.3 1 Low 204 UDP Success
"2025-10-04 17:52:13.328456" 278 INFO 78.13 APAC 674 Yes ServiceC 2128 Inactive 455.2 0 Low 323 TCP Failure
"2025-10-04 17:53:13.328456" 790 WARN 50.81 EU 743 No ServiceB 2293 Inactive 363.5 0 Medium 516 UDP Failure
"2025-10-04 17:54:13.328456" 856 INFO 72.85 EU 724 No ServiceC 3542 Active 487.5 1 High 771 UDP Failure
"2025-10-04 17:55:13.328456" 339 WARN 70.87 US 710 Yes ServiceC 3409 Active 229.0 0 Low 783 TCP Success
"2025-10-04 17:56:13.328456" 870 ERROR 83.26 US 648 Yes ServiceA 4441 Active 381.8 1 Low 836 TCP Failure
"2025-10-04 17:57:13.328456" 791 ERROR 5.52 EU 811 Yes ServiceA 4645 Inactive 146.3 0 Medium 898 UDP Success
"2025-10-04 17:58:13.328456" 540 WARN 38.38 EU 306 No ServiceC 2912 Active 92.7 1 Low 212 UDP Failure
"2025-10-04 17:59:13.328456" 176 INFO 72.96 APAC 792 No ServiceC 1844 Active 319.1 1 Low 652 TCP Failure
"2025-10-04 18:00:13.328456" 872 INFO 77.47 US 74 Yes ServiceB 3464 Active 107.5 1 Medium 678 UDP Success
"2025-10-04 18:01:13.328456" 527 INFO 85.76 APAC 145 No ServiceB 4694 Inactive 91.0 1 High 645 UDP Failure
"2025-10-04 18:02:13.328456" 533 ERROR 31.91 EU 110 Yes ServiceC 2203 Inactive 35.2 0 Medium 324 TCP Success
"2025-10-04 18:03:13.328456" 476 ERROR 25.34 EU 196 Yes ServiceB 4895 Active 274.6 0 Medium 498 UDP Success
"2025-10-04 18:04:13.328456" 406 ERROR 34.04 APAC 755 No ServiceB 2805 Active 323.7 0 Medium 712 UDP Failure
"2025-10-04 18:05:13.328456" 664 WARN 37.2 APAC 383 Yes ServiceC 1243 Active 65.6 0 High 288 TCP Failure
"2025-10-04 18:06:13.328456" 471 ERROR 59.12 US 717 Yes ServiceA 3011 Active 252.7 0 Medium 523 UDP Failure
"2025-10-04 18:07:13.328456" 968 WARN 68.74 US 45 Yes ServiceC 2332 Inactive 12.8 0 Low 329 UDP Failure
"2025-10-04 18:08:13.328456" 790 WARN 59.31 APAC 550 Yes ServiceA 3580 Active 45.9 0 High 781 TCP Success
"2025-10-04 18:09:13.328456" 559 WARN 29.11 US 862 Yes ServiceA 2650 Inactive 10.2 1 Low 718 UDP Failure
"2025-10-04 18:10:13.328456" 828 INFO 46.16 EU 349 Yes ServiceA 2228 Active 322.8 1 High 647 TCP Success
"2025-10-04 18:11:13.328456" 866 INFO 67.9 US 275 No ServiceB 4338 Active 88.6 0 Medium 550 TCP Success
"2025-10-04 18:12:13.328456" 790 WARN 84.4 APAC 441 Yes ServiceA 2682 Active 403.9 0 Medium 598 UDP Success
"2025-10-04 18:13:13.328456" 418 WARN 69.41 EU 165 No ServiceA 3865 Inactive 186.1 0 Low 672 TCP Failure
"2025-10-04 18:14:13.328456" 443 INFO 94.69 EU 796 Yes ServiceC 1926 Inactive 398.5 1 Low 859 UDP Success
"2025-10-04 18:15:13.328456" 177 WARN 74.04 EU 846 No ServiceA 4537 Inactive 194.1 1 Low 605 UDP Failure
"2025-10-04 18:16:13.328456" 373 ERROR 71.16 EU 983 Yes ServiceA 2999 Active 162.2 0 Low 374 TCP Success
"2025-10-04 18:17:13.328456" 676 INFO 7.23 US 665 No ServiceA 3910 Active 347.7 1 Medium 733 TCP Success
"2025-10-04 18:18:13.328456" 920 ERROR 41.53 APAC 447 No ServiceC 2432 Active 244.4 0 Medium 407 UDP Success
"2025-10-04 18:19:13.328456" 334 INFO 7.57 APAC 247 No ServiceA 4127 Active 384.4 1 High 339 UDP Failure
"2025-10-04 18:20:13.328456" 121 ERROR 81.84 APAC 931 Yes ServiceA 2288 Inactive 27.9 0 High 698 UDP Failure
"2025-10-04 18:21:13.328456" 511 WARN 82.82 APAC 45 No ServiceB 2778 Active 103.0 1 High 610 UDP Failure
"2025-10-04 18:22:13.328456" 915 ERROR 83.72 EU 120 Yes ServiceC 4702 Inactive 241.1 0 Medium 724 TCP Failure
"2025-10-04 18:23:13.328456" 686 WARN 29.51 US 715 Yes ServiceC 1679 Inactive 49.3 0 High 544 TCP Failure
"2025-10-04 18:24:13.328456" 648 WARN 46.62 US 437 Yes ServiceA 4389 Inactive 353.6 1 High 460 UDP Failure
"2025-10-04 18:25:13.328456" 178 ERROR 97.78 APAC 168 No ServiceC 4974 Active 330.7 1 Medium 329 TCP Failure
"2025-10-04 18:26:13.328456" 673 ERROR 66.99 US 662 Yes ServiceA 3662 Active 70.6 1 Low 326 UDP Success
"2025-10-04 18:27:13.328456" 649 ERROR 46.22 EU 316 No ServiceA 1268 Inactive 474.6 1 Low 682 TCP Success
"2025-10-04 18:28:13.328456" 217 ERROR 46.69 APAC 111 No ServiceA 3396 Active 271.5 0 Low 249 TCP Success
"2025-10-04 18:29:13.328456" 456 INFO 61.87 APAC 989 No ServiceA 2772 Active 22.6 1 High 421 UDP Success
"2025-10-04 18:30:13.328456" 788 INFO 56.18 APAC 725 No ServiceC 1310 Active 92.2 1 Low 410 TCP Failure
"2025-10-04 18:31:13.328456" 197 WARN 95.63 EU 408 Yes ServiceC 3697 Inactive 101.5 1 Low 267 UDP Failure
"2025-10-04 18:32:13.328456" 106 INFO 4.08 APAC 603 Yes ServiceB 3045 Inactive 153.5 1 Medium 396 UDP Success
"2025-10-04 18:33:13.328456" 798 INFO 2.25 EU 829 Yes ServiceB 3236 Inactive 458.0 0 High 718 UDP Success
"2025-10-04 18:34:13.328456" 221 INFO 82.42 US 124 Yes ServiceC 3979 Inactive 167.9 1 Low 467 TCP Failure
"2025-10-04 18:35:13.328456" 198 ERROR 77.91 US 844 No ServiceB 1581 Active 401.0 1 Low 312 UDP Failure
"2025-10-04 18:36:13.328456" 558 ERROR 11.72 EU 255 Yes ServiceC 1895 Active 229.7 1 Low 499 TCP Failure
"2025-10-04 18:37:13.328456" 404 INFO 76.81 EU 456 Yes ServiceA 2852 Active 264.9 0 Medium 335 UDP Success
"2025-10-04 18:38:13.328456" 180 INFO 8.4 EU 491 No ServiceA 4217 Active 69.9 1 Low 744 UDP Success
"2025-10-04 18:39:13.328456" 309 WARN 9.7 EU 885 Yes ServiceA 3745 Active 479.0 0 High 246 UDP Failure
"2025-10-04 18:40:13.328456" 896 INFO 39.37 EU 641 No ServiceA 3128 Inactive 287.4 0 Low 396 TCP Success
"2025-10-04 18:41:13.328456" 918 INFO 20.54 EU 39 Yes ServiceC 4452 Active 143.3 1 High 550 UDP Failure
"2025-10-04 18:42:13.328456" 738 INFO 65.24 APAC 955 Yes ServiceA 2066 Active 341.8 0 Medium 423 TCP Failure
"2025-10-04 18:43:13.328456" 922 INFO 92.94 EU 433 No ServiceA 4705 Active 362.4 0 High 430 TCP Success
"2025-10-04 18:44:13.328456" 734 INFO 28.33 EU 600 Yes ServiceC 2457 Active 425.5 0 Medium 502 UDP Failure
"2025-10-04 18:45:13.328456" 778 WARN 9.79 APAC 943 No ServiceA 4609 Active 353.1 0 Medium 445 UDP Success
"2025-10-04 18:46:13.328456" 430 ERROR 47.6 APAC 166 No ServiceC 3276 Active 407.9 1 High 441 UDP Success
"2025-10-04 18:47:13.328456" 689 WARN 23.39 EU 579 No ServiceA 4547 Inactive 71.4 0 Medium 554 TCP Success
"2025-10-04 18:48:13.328456" 817 WARN 48.55 APAC 670 Yes ServiceC 2185 Inactive 208.4 1 Medium 364 UDP Success
"2025-10-04 18:49:13.328456" 247 ERROR 97.06 US 743 Yes ServiceC 1676 Inactive 273.7 0 Medium 315 UDP Success
"2025-10-04 18:50:13.328456" 876 WARN 41.27 EU 458 No ServiceA 4276 Inactive 72.1 1 Medium 581 TCP Failure
"2025-10-04 18:51:13.328456" 123 INFO 51.34 US 541 Yes ServiceB 2122 Active 430.9 1 High 683 UDP Success
"2025-10-04 18:52:13.328456" 891 INFO 98.54 EU 652 Yes ServiceC 1606 Active 88.6 1 Low 499 UDP Success
"2025-10-04 18:53:13.328456" 877 ERROR 53.15 US 444 No ServiceB 1281 Active 106.5 1 Medium 785 TCP Failure
"2025-10-04 18:54:13.328456" 630 INFO 15.86 US 669 Yes ServiceC 2294 Inactive 220.3 1 Low 294 UDP Success
"2025-10-04 18:55:13.328456" 617 WARN 59.58 APAC 376 No ServiceC 1896 Inactive 342.2 1 Medium 720 TCP Success
"2025-10-04 18:56:13.328456" 568 ERROR 9.07 APAC 751 No ServiceB 1187 Active 224.8 1 Medium 816 TCP Success
"2025-10-04 18:57:13.328456" 959 ERROR 28.4 EU 29 Yes ServiceC 1791 Active 475.1 1 Medium 630 UDP Failure
"2025-10-04 18:58:13.328456" 358 ERROR 7.54 US 313 Yes ServiceC 3448 Inactive 194.8 1 High 363 UDP Failure
"2025-10-04 18:59:13.328456" 868 INFO 26.56 US 556 Yes ServiceB 3569 Inactive 159.0 0 Medium 237 TCP Failure
"2025-10-04 19:00:13.328456" 250 WARN 63.49 EU 962 No ServiceA 1890 Inactive 257.9 1 Medium 331 UDP Success
"2025-10-04 19:01:13.328456" 559 WARN 44.4 US 473 No ServiceC 2136 Active 61.7 0 Low 567 UDP Failure
"2025-10-04 19:02:13.328456" 863 ERROR 87.59 EU 59 No ServiceB 2341 Inactive 496.5 0 Medium 882 TCP Success
"2025-10-04 19:03:13.328456" 970 WARN 1.53 US 671 Yes ServiceB 2635 Active 273.8 1 Low 304 TCP Success
"2025-10-04 19:04:13.328456" 866 INFO 45.34 APAC 488 No ServiceC 1047 Inactive 462.7 0 Medium 233 TCP Success
"2025-10-04 19:05:13.328456" 303 INFO 50.08 US 909 Yes ServiceB 1116 Active 362.6 0 High 629 TCP Success
"2025-10-04 19:06:13.328456" 669 INFO 48.52 APAC 304 Yes ServiceC 2892 Active 258.9 0 High 474 UDP Success
"2025-10-04 19:07:13.328456" 944 ERROR 78.75 US 871 Yes ServiceC 3230 Inactive 72.4 1 Low 823 TCP Failure
"2025-10-04 19:08:13.328456" 594 INFO 88.58 APAC 839 Yes ServiceA 3746 Active 429.2 0 Medium 379 UDP Failure
"2025-10-04 19:09:13.328456" 133 WARN 73.41 US 737 Yes ServiceB 1113 Active 388.4 0 Medium 666 TCP Failure
"2025-10-04 19:10:13.328456" 226 WARN 43.71 APAC 619 Yes ServiceC 4295 Inactive 365.9 1 High 422 UDP Success
"2025-10-04 19:11:13.328456" 505 INFO 9.69 US 931 No ServiceC 2042 Active 120.1 1 Medium 786 UDP Failure
"2025-10-04 19:12:13.328456" 657 WARN 52.27 EU 518 No ServiceB 3309 Inactive 420.4 1 High 665 TCP Failure
"2025-10-04 19:13:13.328456" 202 INFO 79.67 US 354 Yes ServiceC 2980 Active 147.4 0 Medium 762 UDP Failure
"2025-10-04 19:14:13.328456" 231 ERROR 12.85 EU 557 Yes ServiceB 4200 Active 74.7 1 Medium 450 TCP Success
"2025-10-04 19:15:13.328456" 110 INFO 42.1 EU 999 No ServiceB 1585 Active 476.2 0 Low 505 UDP Success
"2025-10-04 19:16:13.328456" 205 ERROR 40.57 US 161 No ServiceB 1816 Active 84.8 1 Medium 595 UDP Failure
"2025-10-04 19:17:13.328456" 677 ERROR 23.19 EU 99 Yes ServiceB 3914 Inactive 162.8 0 Low 707 TCP Success
"2025-10-04 19:18:13.328456" 239 WARN 92.86 US 267 Yes ServiceA 4226 Inactive 240.4 1 High 818 TCP Failure
"2025-10-04 19:19:13.328456" 114 INFO 76.21 EU 942 No ServiceC 1502 Active 476.2 1 Medium 853 TCP Failure
"2025-10-04 19:20:13.328456" 149 INFO 68.97 APAC 482 Yes ServiceA 1398 Inactive 494.5 0 Low 272 UDP Success
"2025-10-04 19:21:13.328456" 866 ERROR 66.62 APAC 603 No ServiceA 2606 Inactive 463.4 0 Medium 314 TCP Failure
"2025-10-04 19:22:13.328456" 427 INFO 99.21 APAC 632 No ServiceC 1284 Inactive 107.5 1 Low 703 TCP Success
"2025-10-04 19:23:13.328456" 468 WARN 28.73 US 911 No ServiceB 4356 Inactive 458.8 0 Low 812 TCP Failure
"2025-10-04 19:24:13.328456" 145 WARN 74.95 EU 270 No ServiceB 2906 Inactive 251.2 0 Medium 870 UDP Success
"2025-10-04 19:25:13.328456" 726 INFO 31.44 EU 535 Yes ServiceC 3864 Active 55.6 1 Medium 688 UDP Success
"2025-10-04 19:26:13.328456" 202 INFO 74.38 APAC 997 Yes ServiceA 4706 Inactive 190.9 0 Low 307 TCP Success
"2025-10-04 19:27:13.328456" 163 INFO 57.84 APAC 77 Yes ServiceA 3509 Active 194.8 0 Low 717 TCP Failure
"2025-10-04 19:28:13.328456" 639 INFO 23.14 APAC 574 Yes ServiceA 2075 Inactive 377.5 0 High 667 UDP Failure
"2025-10-04 19:29:13.328456" 703 INFO 79.47 EU 563 Yes ServiceA 4113 Active 204.3 0 High 209 UDP Failure
"2025-10-04 19:30:13.328456" 285 INFO 37.94 US 979 No ServiceA 1251 Active 480.0 0 High 692 TCP Failure
"2025-10-04 19:31:13.328456" 977 WARN 25.77 EU 964 Yes ServiceC 4905 Active 463.1 1 High 648 UDP Failure
"2025-10-04 19:32:13.328456" 580 WARN 73.15 APAC 832 No ServiceA 2232 Inactive 166.1 0 High 704 TCP Success
"2025-10-04 19:33:13.328456" 626 WARN 7.14 US 821 No ServiceA 2086 Active 322.2 1 High 397 UDP Success
"2025-10-04 19:34:13.328456" 485 INFO 5.3 APAC 805 No ServiceB 4962 Active 81.7 1 Low 810 UDP Failure
"2025-10-04 19:35:13.328456" 692 INFO 21.21 APAC 434 Yes ServiceB 1808 Inactive 477.3 0 Low 787 UDP Failure
"2025-10-04 19:36:13.328456" 870 INFO 82.96 US 827 Yes ServiceA 1451 Active 378.7 1 Medium 449 TCP Failure
"2025-10-04 19:37:13.328456" 260 WARN 67.59 EU 939 Yes ServiceC 2551 Active 140.8 0 Medium 245 UDP Success
"2025-10-04 19:38:13.328456" 602 INFO 64.21 EU 272 No ServiceB 3373 Active 47.4 0 Low 436 UDP Failure
"2025-10-04 19:39:13.328456" 577 INFO 59.86 US 29 Yes ServiceC 4987 Inactive 415.9 1 Medium 348 UDP Success
"2025-10-04 19:40:13.328456" 203 WARN 94.0 EU 517 Yes ServiceC 1521 Active 182.5 0 Medium 671 UDP Success
"2025-10-04 19:41:13.328456" 832 INFO 30.94 EU 477 No ServiceB 1869 Active 452.7 0 High 701 TCP Failure
"2025-10-04 19:42:13.328456" 358 INFO 93.87 APAC 521 Yes ServiceC 4731 Inactive 265.2 0 Low 402 UDP Success
"2025-10-04 19:43:13.328456" 135 WARN 13.77 US 404 No ServiceC 3571 Inactive 472.9 1 Low 545 TCP Failure
"2025-10-04 19:44:13.328456" 325 WARN 31.22 APAC 791 No ServiceA 3322 Inactive 389.1 0 High 234 UDP Success
"2025-10-04 19:45:13.328456" 290 INFO 95.68 EU 420 Yes ServiceC 4383 Active 65.0 0 High 729 TCP Success
"2025-10-04 19:46:13.328456" 278 ERROR 39.12 EU 445 No ServiceA 4801 Inactive 70.4 0 Low 322 TCP Failure
"2025-10-04 19:47:13.328456" 255 ERROR 76.44 APAC 751 Yes ServiceA 3272 Active 169.0 0 Medium 657 TCP Failure
"2025-10-04 19:48:13.328456" 144 ERROR 93.97 US 669 No ServiceB 3912 Active 305.9 1 Medium 898 TCP Success
"2025-10-04 19:49:13.328456" 305 WARN 47.25 US 643 No ServiceB 1323 Inactive 297.5 1 Medium 740 UDP Success
"2025-10-04 19:50:13.328456" 249 INFO 38.48 EU 17 Yes ServiceA 3197 Active 375.0 0 High 481 UDP Failure
"2025-10-04 19:51:13.328456" 761 INFO 23.92 US 659 Yes ServiceB 4303 Inactive 424.9 1 Medium 356 UDP Failure
"2025-10-04 19:52:13.328456" 406 ERROR 48.36 US 101 Yes ServiceC 3943 Active 80.7 0 Low 625 TCP Failure
"2025-10-04 19:53:13.328456" 902 WARN 46.17 US 445 Yes ServiceB 2914 Inactive 73.6 0 High 359 TCP Success
"2025-10-04 19:54:13.328456" 714 ERROR 63.73 APAC 378 No ServiceA 3456 Inactive 324.6 1 Low 434 TCP Success
"2025-10-04 19:55:13.328456" 930 WARN 50.88 APAC 180 Yes ServiceC 4731 Inactive 176.0 0 High 540 UDP Success
"2025-10-04 19:56:13.328456" 313 WARN 15.52 APAC 243 No ServiceA 3921 Active 215.5 0 Low 819 TCP Success
"2025-10-04 19:57:13.328456" 821 INFO 40.91 EU 684 Yes ServiceC 1805 Active 498.6 1 High 495 UDP Success
